  main.cpp
C:\Users\gilre\Documents\Computer Science\122\runnerGame\Pong4\Pong4\Pong\Obstacle.hpp(37,12): warning C4244: 'argument': conversion from 'int' to 'float', possible loss of data
C:\Users\gilre\Documents\Computer Science\122\runnerGame\Pong4\Pong4\Pong\Cloud.hpp(24,20): warning C4244: 'argument': conversion from 'double' to 'float', possible loss of data
C:\Users\gilre\Documents\Computer Science\122\runnerGame\Pong4\Pong4\Pong\Hurdle.hpp(19,16): warning C4244: 'initializing': conversion from 'int' to 'float', possible loss of data
C:\Users\gilre\Documents\Computer Science\122\runnerGame\Pong4\Pong4\Pong\Spawner.hpp(22,31): warning C4244: 'return': conversion from 'double' to 'int', possible loss of data
C:\Users\gilre\Documents\Computer Science\122\runnerGame\Pong4\Pong4\Pong\main.cpp(48,15): warning C4244: 'argument': conversion from 'time_t' to 'unsigned int', possible loss of data
C:\Users\gilre\Documents\Computer Science\122\runnerGame\Pong4\Pong4\Pong\main.cpp(136,35): warning C4244: '=': conversion from 'double' to 'int', possible loss of data
C:\Users\gilre\Documents\Computer Science\122\runnerGame\Pong4\Pong4\Pong\main.cpp(148,28): warning C4244: 'argument': conversion from 'double' to 'int', possible loss of data
C:\Users\gilre\Documents\Computer Science\122\runnerGame\Pong4\Pong4\Pong\main.cpp(220,27): warning C4244: 'argument': conversion from 'double' to 'int', possible loss of data
  Obstacle.cpp
  Spawner.cpp
C:\Users\gilre\Documents\Computer Science\122\runnerGame\Pong4\Pong4\Pong\Obstacle.hpp(37,12): warning C4244: 'argument': conversion from 'int' to 'float', possible loss of data
C:\Users\gilre\Documents\Computer Science\122\runnerGame\Pong4\Pong4\Pong\Hurdle.hpp(19,16): warning C4244: 'initializing': conversion from 'int' to 'float', possible loss of data
C:\Users\gilre\Documents\Computer Science\122\runnerGame\Pong4\Pong4\Pong\Cloud.hpp(24,20): warning C4244: 'argument': conversion from 'double' to 'float', possible loss of data
C:\Users\gilre\Documents\Computer Science\122\runnerGame\Pong4\Pong4\Pong\Spawner.hpp(22,31): warning C4244: 'return': conversion from 'double' to 'int', possible loss of data
C:\Users\gilre\Documents\Computer Science\122\runnerGame\Pong4\Pong4\Pong\Spawner.cpp(45,62): warning C4244: 'argument': conversion from 'int' to 'T', possible loss of data
          with
          [
              T=float
          ]
C:\Users\gilre\Documents\Computer Science\122\runnerGame\Pong4\Pong4\Pong\Spawner.cpp(45,51): warning C4244: 'argument': conversion from 'const int' to 'T', possible loss of data
          with
          [
              T=float
          ]
C:\Users\gilre\Documents\Computer Science\122\runnerGame\Pong4\Pong4\Pong\Spawner.cpp(46,53): warning C4244: 'argument': conversion from 'const int' to 'T', possible loss of data
          with
          [
              T=float
          ]
C:\Users\gilre\Documents\Computer Science\122\runnerGame\Pong4\Pong4\Pong\Spawner.cpp(46,47): warning C4244: 'argument': conversion from 'const int' to 'T', possible loss of data
          with
          [
              T=float
          ]
C:\Users\gilre\Documents\Computer Science\122\runnerGame\Pong4\Pong4\Pong\Spawner.cpp(53,65): warning C4244: 'argument': conversion from 'double' to 'T', possible loss of data
          with
          [
              T=float
          ]
C:\Users\gilre\Documents\Computer Science\122\runnerGame\Pong4\Pong4\Pong\Spawner.cpp(53,44): warning C4244: 'argument': conversion from 'const int' to 'T', possible loss of data
          with
          [
              T=float
          ]
C:\Users\gilre\Documents\Computer Science\122\runnerGame\Pong4\Pong4\Pong\Spawner.cpp(70,66): warning C4244: 'argument': conversion from 'int' to 'T', possible loss of data
          with
          [
              T=float
          ]
C:\Users\gilre\Documents\Computer Science\122\runnerGame\Pong4\Pong4\Pong\Spawner.cpp(70,55): warning C4244: 'argument': conversion from 'int' to 'T', possible loss of data
          with
          [
              T=float
          ]
C:\Users\gilre\Documents\Computer Science\122\runnerGame\Pong4\Pong4\Pong\Spawner.cpp(71,57): warning C4244: 'argument': conversion from 'const int' to 'T', possible loss of data
          with
          [
              T=float
          ]
C:\Users\gilre\Documents\Computer Science\122\runnerGame\Pong4\Pong4\Pong\Spawner.cpp(71,51): warning C4244: 'argument': conversion from 'int' to 'T', possible loss of data
          with
          [
              T=float
          ]
C:\Users\gilre\Documents\Computer Science\122\runnerGame\Pong4\Pong4\Pong\Spawner.cpp(104,57): warning C4244: 'argument': conversion from 'const int' to 'T', possible loss of data
          with
          [
              T=float
          ]
C:\Users\gilre\Documents\Computer Science\122\runnerGame\Pong4\Pong4\Pong\Spawner.cpp(104,51): warning C4244: 'argument': conversion from 'const int' to 'T', possible loss of data
          with
          [
              T=float
          ]
C:\Users\gilre\Documents\Computer Science\122\runnerGame\Pong4\Pong4\Pong\Spawner.cpp(109,64): warning C4244: 'argument': conversion from 'const int' to 'T', possible loss of data
          with
          [
              T=float
          ]
C:\Users\gilre\Documents\Computer Science\122\runnerGame\Pong4\Pong4\Pong\Spawner.cpp(109,57): warning C4244: 'argument': conversion from 'int' to 'T', possible loss of data
          with
          [
              T=float
          ]
  Player.cpp
C:\Users\gilre\Documents\Computer Science\122\runnerGame\Pong4\Pong4\Pong\Player.cpp(24,17): warning C4244: 'argument': conversion from 'const double' to 'float', possible loss of data
C:\Users\gilre\Documents\Computer Science\122\runnerGame\Pong4\Pong4\Pong\Player.cpp(31,17): warning C4244: 'argument': conversion from 'double' to 'float', possible loss of data
C:\Users\gilre\Documents\Computer Science\122\runnerGame\Pong4\Pong4\Pong\Player.cpp(39,18): warning C4244: 'argument': conversion from 'double' to 'float', possible loss of data
  Generating code
  Previous IPDB was built with incompatible compiler, fall back to full compilation.
  All 226 functions were compiled because no usable IPDB/IOBJ from previous compilation was found.
  Finished generating code
  Pong.vcxproj -> C:\Users\gilre\Documents\Computer Science\122\runnerGame\Pong4\Pong4\Release\Pong.exe
